<?xml version="1.0" encoding="UTF-8"?>
<coverage generated="1750766407914" clover="3.2.0">
  <project timestamp="1750766407914" name="All files">
    <metrics statements="49" coveredstatements="43" conditionals="99" coveredconditionals="82" methods="6" coveredmethods="6" elements="154" coveredelements="131" complexity="0" loc="49" ncloc="49" packages="1" files="4" classes="4"/>
    <file name="logger.ts" path="C:\Signet AWS Dev\Nodejs\lambda_producer\src\logger.ts">
      <metrics statements="9" coveredstatements="5" conditionals="4" coveredconditionals="1" methods="1" coveredmethods="1"/>
      <line num="9" count="1" type="cond" truecount="0" falsecount="1"/>
      <line num="10" count="2" type="stmt"/>
      <line num="15" count="2" type="stmt"/>
      <line num="17" count="2" type="cond" truecount="1" falsecount="2"/>
      <line num="19" count="0" type="stmt"/>
      <line num="20" count="0" type="stmt"/>
      <line num="22" count="0" type="stmt"/>
      <line num="23" count="0" type="stmt"/>
      <line num="25" count="2" type="stmt"/>
    </file>
    <file name="transform.ts" path="C:\Signet AWS Dev\Nodejs\lambda_producer\src\transform.ts">
      <metrics statements="13" coveredstatements="11" conditionals="36" coveredconditionals="31" methods="2" coveredmethods="2"/>
      <line num="2" count="1" type="stmt"/>
      <line num="3" count="1" type="stmt"/>
      <line num="5" count="1" type="stmt"/>
      <line num="6" count="2" type="stmt"/>
      <line num="7" count="2" type="stmt"/>
      <line num="8" count="2" type="stmt"/>
      <line num="34" count="4" type="cond" truecount="4" falsecount="0"/>
      <line num="35" count="4" type="stmt"/>
      <line num="36" count="4" type="stmt"/>
      <line num="53" count="2" type="stmt"/>
      <line num="61" count="2" type="stmt"/>
      <line num="64" count="0" type="stmt"/>
      <line num="72" count="0" type="stmt"/>
    </file>
    <file name="utils.ts" path="C:\Signet AWS Dev\Nodejs\lambda_producer\src\utils.ts">
      <metrics statements="3" coveredstatements="3" conditionals="0" coveredconditionals="0" methods="1" coveredmethods="1"/>
      <line num="1" count="1" type="stmt"/>
      <line num="2" count="2" type="stmt"/>
      <line num="3" count="2" type="stmt"/>
    </file>
    <file name="validate.ts" path="C:\Signet AWS Dev\Nodejs\lambda_producer\src\validate.ts">
      <metrics statements="24" coveredstatements="24" conditionals="59" coveredconditionals="50" methods="2" coveredmethods="2"/>
      <line num="8" count="1" type="stmt"/>
      <line num="9" count="7" type="stmt"/>
      <line num="11" count="7" type="cond" truecount="4" falsecount="0"/>
      <line num="12" count="7" type="cond" truecount="1" falsecount="1"/>
      <line num="13" count="7" type="cond" truecount="3" falsecount="1"/>
      <line num="14" count="7" type="cond" truecount="4" falsecount="0"/>
      <line num="15" count="7" type="cond" truecount="3" falsecount="1"/>
      <line num="16" count="7" type="cond" truecount="3" falsecount="1"/>
      <line num="17" count="7" type="cond" truecount="3" falsecount="1"/>
      <line num="18" count="7" type="cond" truecount="3" falsecount="1"/>
      <line num="20" count="7" type="stmt"/>
      <line num="21" count="7" type="cond" truecount="4" falsecount="0"/>
      <line num="22" count="1" type="stmt"/>
      <line num="25" count="7" type="stmt"/>
      <line num="26" count="7" type="cond" truecount="5" falsecount="0"/>
      <line num="27" count="1" type="stmt"/>
      <line num="30" count="7" type="cond" truecount="1" falsecount="1"/>
      <line num="31" count="7" type="stmt"/>
      <line num="32" count="12" type="cond" truecount="4" falsecount="0"/>
      <line num="33" count="12" type="cond" truecount="3" falsecount="1"/>
      <line num="34" count="12" type="cond" truecount="3" falsecount="1"/>
      <line num="35" count="12" type="cond" truecount="4" falsecount="0"/>
      <line num="36" count="1" type="stmt"/>
      <line num="41" count="7" type="cond" truecount="2" falsecount="0"/>
    </file>
  </project>
</coverage>
