{"C:\\Signet AWS Dev\\Nodejs\\lambda_producer\\src\\logger.ts": {"path":"C:\\Signet AWS Dev\\Nodejs\\lambda_producer\\src\\logger.ts","statementMap":{"0":{"start":{"line":9,"column":0},"end":{"line":9,"column":16}},"1":{"start":{"line":10,"column":16},"end":{"line":13,"column":null}},"2":{"start":{"line":15,"column":20},"end":{"line":15,"column":42}},"3":{"start":{"line":17,"column":4},"end":{"line":26,"column":5}},"4":{"start":{"line":19,"column":12},"end":{"line":19,"column":34}},"5":{"start":{"line":20,"column":12},"end":{"line":20,"column":18}},"6":{"start":{"line":22,"column":12},"end":{"line":22,"column":33}},"7":{"start":{"line":23,"column":12},"end":{"line":23,"column":18}},"8":{"start":{"line":25,"column":12},"end":{"line":25,"column":32}}},"fnMap":{"0":{"name":"logger","decl":{"start":{"line":9,"column":16},"end":{"line":9,"column":22}},"loc":{"start":{"line":9,"column":58},"end":{"line":27,"column":1}}}},"branchMap":{"0":{"loc":{"start":{"line":9,"column":38},"end":{"line":9,"column":48}},"type":"default-arg","locations":[{"start":{"line":9,"column":46},"end":{"line":9,"column":48}}]},"1":{"loc":{"start":{"line":17,"column":4},"end":{"line":26,"column":5}},"type":"switch","locations":[{"start":{"line":18,"column":8},"end":{"line":20,"column":18}},{"start":{"line":21,"column":8},"end":{"line":23,"column":18}},{"start":{"line":24,"column":8},"end":{"line":25,"column":32}}]}},"s":{"0":1,"1":2,"2":2,"3":2,"4":0,"5":0,"6":0,"7":0,"8":2},"f":{"0":2},"b":{"0":[0],"1":[0,0,2]}}
,"C:\\Signet AWS Dev\\Nodejs\\lambda_producer\\src\\transform.ts": {"path":"C:\\Signet AWS Dev\\Nodejs\\lambda_producer\\src\\transform.ts","statementMap":{"0":{"start":{"line":5,"column":0},"end":{"line":5,"column":16}},"1":{"start":{"line":2,"column":0},"end":{"line":2,"column":42}},"2":{"start":{"line":3,"column":0},"end":{"line":3,"column":34}},"3":{"start":{"line":6,"column":4},"end":{"line":73,"column":5}},"4":{"start":{"line":7,"column":22},"end":{"line":7,"column":55}},"5":{"start":{"line":8,"column":43},"end":{"line":51,"column":6}},"6":{"start":{"line":34,"column":32},"end":{"line":34,"column":56}},"7":{"start":{"line":35,"column":36},"end":{"line":35,"column":76}},"8":{"start":{"line":36,"column":16},"end":{"line":44,"column":18}},"9":{"start":{"line":53,"column":4},"end":{"line":60,"column":7}},"10":{"start":{"line":61,"column":4},"end":{"line":61,"column":23}},"11":{"start":{"line":64,"column":8},"end":{"line":71,"column":11}},"12":{"start":{"line":72,"column":8},"end":{"line":72,"column":20}}},"fnMap":{"0":{"name":"Transform","decl":{"start":{"line":5,"column":16},"end":{"line":5,"column":25}},"loc":{"start":{"line":5,"column":50},"end":{"line":74,"column":1}}},"1":{"name":"(anonymous_1)","decl":{"start":{"line":33,"column":33},"end":{"line":33,"column":34}},"loc":{"start":{"line":33,"column":41},"end":{"line":45,"column":13}}}},"branchMap":{"0":{"loc":{"start":{"line":25,"column":28},"end":{"line":25,"column":64}},"type":"binary-expr","locations":[{"start":{"line":25,"column":28},"end":{"line":25,"column":58}},{"start":{"line":25,"column":62},"end":{"line":25,"column":64}}]},"1":{"loc":{"start":{"line":25,"column":28},"end":{"line":25,"column":58}},"type":"cond-expr","locations":[{"start":{"line":25,"column":50},"end":{"line":25,"column":52}},{"start":{"line":25,"column":50},"end":{"line":25,"column":58}}]},"2":{"loc":{"start":{"line":25,"column":28},"end":{"line":25,"column":52}},"type":"binary-expr","locations":[{"start":{"line":25,"column":28},"end":{"line":25,"column":52}},{"start":{"line":25,"column":50},"end":{"line":25,"column":52}}]},"3":{"loc":{"start":{"line":26,"column":27},"end":{"line":26,"column":61}},"type":"binary-expr","locations":[{"start":{"line":26,"column":27},"end":{"line":26,"column":55}},{"start":{"line":26,"column":59},"end":{"line":26,"column":61}}]},"4":{"loc":{"start":{"line":26,"column":27},"end":{"line":26,"column":55}},"type":"cond-expr","locations":[{"start":{"line":26,"column":49},"end":{"line":26,"column":51}},{"start":{"line":26,"column":49},"end":{"line":26,"column":55}}]},"5":{"loc":{"start":{"line":26,"column":27},"end":{"line":26,"column":51}},"type":"binary-expr","locations":[{"start":{"line":26,"column":27},"end":{"line":26,"column":51}},{"start":{"line":26,"column":49},"end":{"line":26,"column":51}}]},"6":{"loc":{"start":{"line":27,"column":28},"end":{"line":27,"column":63}},"type":"binary-expr","locations":[{"start":{"line":27,"column":28},"end":{"line":27,"column":57}},{"start":{"line":27,"column":61},"end":{"line":27,"column":63}}]},"7":{"loc":{"start":{"line":27,"column":28},"end":{"line":27,"column":57}},"type":"cond-expr","locations":[{"start":{"line":27,"column":50},"end":{"line":27,"column":52}},{"start":{"line":27,"column":50},"end":{"line":27,"column":57}}]},"8":{"loc":{"start":{"line":27,"column":28},"end":{"line":27,"column":52}},"type":"binary-expr","locations":[{"start":{"line":27,"column":28},"end":{"line":27,"column":52}},{"start":{"line":27,"column":50},"end":{"line":27,"column":52}}]},"9":{"loc":{"start":{"line":28,"column":33},"end":{"line":28,"column":70}},"type":"binary-expr","locations":[{"start":{"line":28,"column":33},"end":{"line":28,"column":64}},{"start":{"line":28,"column":68},"end":{"line":28,"column":70}}]},"10":{"loc":{"start":{"line":28,"column":33},"end":{"line":28,"column":64}},"type":"cond-expr","locations":[{"start":{"line":28,"column":55},"end":{"line":28,"column":57}},{"start":{"line":28,"column":55},"end":{"line":28,"column":64}}]},"11":{"loc":{"start":{"line":28,"column":33},"end":{"line":28,"column":57}},"type":"binary-expr","locations":[{"start":{"line":28,"column":33},"end":{"line":28,"column":57}},{"start":{"line":28,"column":55},"end":{"line":28,"column":57}}]},"12":{"loc":{"start":{"line":29,"column":30},"end":{"line":29,"column":67}},"type":"binary-expr","locations":[{"start":{"line":29,"column":30},"end":{"line":29,"column":61}},{"start":{"line":29,"column":65},"end":{"line":29,"column":67}}]},"13":{"loc":{"start":{"line":29,"column":30},"end":{"line":29,"column":61}},"type":"cond-expr","locations":[{"start":{"line":29,"column":52},"end":{"line":29,"column":54}},{"start":{"line":29,"column":52},"end":{"line":29,"column":61}}]},"14":{"loc":{"start":{"line":29,"column":30},"end":{"line":29,"column":54}},"type":"binary-expr","locations":[{"start":{"line":29,"column":30},"end":{"line":29,"column":54}},{"start":{"line":29,"column":52},"end":{"line":29,"column":54}}]},"15":{"loc":{"start":{"line":34,"column":32},"end":{"line":34,"column":56}},"type":"cond-expr","locations":[{"start":{"line":34,"column":51},"end":{"line":34,"column":55}},{"start":{"line":34,"column":55},"end":{"line":34,"column":56}}]},"16":{"loc":{"start":{"line":34,"column":32},"end":{"line":34,"column":55}},"type":"binary-expr","locations":[{"start":{"line":34,"column":32},"end":{"line":34,"column":55}},{"start":{"line":34,"column":51},"end":{"line":34,"column":55}}]},"17":{"loc":{"start":{"line":48,"column":20},"end":{"line":48,"column":38}},"type":"binary-expr","locations":[{"start":{"line":48,"column":20},"end":{"line":48,"column":32}},{"start":{"line":48,"column":36},"end":{"line":48,"column":38}}]}},"s":{"0":1,"1":1,"2":1,"3":2,"4":2,"5":2,"6":4,"7":4,"8":4,"9":2,"10":2,"11":0,"12":0},"f":{"0":2,"1":4},"b":{"0":[2,2],"1":[2,0],"2":[2,2],"3":[2,2],"4":[2,0],"5":[2,2],"6":[2,2],"7":[2,0],"8":[2,2],"9":[2,2],"10":[2,0],"11":[2,2],"12":[2,2],"13":[2,0],"14":[2,2],"15":[1,3],"16":[4,4],"17":[2,1]}}
,"C:\\Signet AWS Dev\\Nodejs\\lambda_producer\\src\\utils.ts": {"path":"C:\\Signet AWS Dev\\Nodejs\\lambda_producer\\src\\utils.ts","statementMap":{"0":{"start":{"line":1,"column":0},"end":{"line":1,"column":16}},"1":{"start":{"line":2,"column":29},"end":{"line":2,"column":44}},"2":{"start":{"line":3,"column":4},"end":{"line":3,"column":69}}},"fnMap":{"0":{"name":"formatDatetoISO","decl":{"start":{"line":1,"column":16},"end":{"line":1,"column":31}},"loc":{"start":{"line":1,"column":45},"end":{"line":4,"column":1}}}},"branchMap":{},"s":{"0":1,"1":2,"2":2},"f":{"0":2},"b":{}}
,"C:\\Signet AWS Dev\\Nodejs\\lambda_producer\\src\\validate.ts": {"path":"C:\\Signet AWS Dev\\Nodejs\\lambda_producer\\src\\validate.ts","statementMap":{"0":{"start":{"line":8,"column":0},"end":{"line":8,"column":16}},"1":{"start":{"line":9,"column":30},"end":{"line":9,"column":32}},"2":{"start":{"line":11,"column":4},"end":{"line":11,"column":117}},"3":{"start":{"line":11,"column":58},"end":{"line":11,"column":117}},"4":{"start":{"line":12,"column":4},"end":{"line":12,"column":103}},"5":{"start":{"line":12,"column":44},"end":{"line":12,"column":103}},"6":{"start":{"line":13,"column":4},"end":{"line":13,"column":125}},"7":{"start":{"line":13,"column":65},"end":{"line":13,"column":125}},"8":{"start":{"line":14,"column":4},"end":{"line":14,"column":116}},"9":{"start":{"line":14,"column":59},"end":{"line":14,"column":116}},"10":{"start":{"line":15,"column":4},"end":{"line":15,"column":111}},"11":{"start":{"line":15,"column":63},"end":{"line":15,"column":111}},"12":{"start":{"line":16,"column":4},"end":{"line":16,"column":134}},"13":{"start":{"line":16,"column":71},"end":{"line":16,"column":134}},"14":{"start":{"line":17,"column":4},"end":{"line":17,"column":128}},"15":{"start":{"line":17,"column":67},"end":{"line":17,"column":128}},"16":{"start":{"line":18,"column":4},"end":{"line":18,"column":113}},"17":{"start":{"line":18,"column":57},"end":{"line":18,"column":113}},"18":{"start":{"line":20,"column":28},"end":{"line":20,"column":86}},"19":{"start":{"line":21,"column":4},"end":{"line":23,"column":5}},"20":{"start":{"line":22,"column":8},"end":{"line":22,"column":93}},"21":{"start":{"line":25,"column":24},"end":{"line":25,"column":77}},"22":{"start":{"line":26,"column":4},"end":{"line":28,"column":5}},"23":{"start":{"line":27,"column":8},"end":{"line":27,"column":65}},"24":{"start":{"line":30,"column":4},"end":{"line":39,"column":5}},"25":{"start":{"line":31,"column":4},"end":{"line":38,"column":11}},"26":{"start":{"line":32,"column":6},"end":{"line":32,"column":122}},"27":{"start":{"line":32,"column":53},"end":{"line":32,"column":122}},"28":{"start":{"line":33,"column":6},"end":{"line":33,"column":137}},"29":{"start":{"line":33,"column":63},"end":{"line":33,"column":137}},"30":{"start":{"line":34,"column":6},"end":{"line":34,"column":141}},"31":{"start":{"line":34,"column":65},"end":{"line":34,"column":141}},"32":{"start":{"line":35,"column":6},"end":{"line":37,"column":13}},"33":{"start":{"line":36,"column":8},"end":{"line":36,"column":84}},"34":{"start":{"line":41,"column":6},"end":{"line":43,"column":31}}},"fnMap":{"0":{"name":"ValidateInput","decl":{"start":{"line":8,"column":16},"end":{"line":8,"column":29}},"loc":{"start":{"line":8,"column":41},"end":{"line":45,"column":1}}},"1":{"name":"(anonymous_1)","decl":{"start":{"line":31,"column":23},"end":{"line":31,"column":24}},"loc":{"start":{"line":31,"column":52},"end":{"line":38,"column":9}}}},"branchMap":{"0":{"loc":{"start":{"line":11,"column":4},"end":{"line":11,"column":117}},"type":"if","locations":[{"start":{"line":11,"column":4},"end":{"line":11,"column":117}},{"start":{},"end":{}}]},"1":{"loc":{"start":{"line":11,"column":8},"end":{"line":11,"column":57}},"type":"binary-expr","locations":[{"start":{"line":11,"column":8},"end":{"line":11,"column":21}},{"start":{"line":11,"column":25},"end":{"line":11,"column":57}}]},"2":{"loc":{"start":{"line":12,"column":4},"end":{"line":12,"column":103}},"type":"if","locations":[{"start":{"line":12,"column":4},"end":{"line":12,"column":103}},{"start":{},"end":{}}]},"3":{"loc":{"start":{"line":13,"column":4},"end":{"line":13,"column":125}},"type":"if","locations":[{"start":{"line":13,"column":4},"end":{"line":13,"column":125}},{"start":{},"end":{}}]},"4":{"loc":{"start":{"line":13,"column":8},"end":{"line":13,"column":63}},"type":"binary-expr","locations":[{"start":{"line":13,"column":8},"end":{"line":13,"column":24}},{"start":{"line":13,"column":28},"end":{"line":13,"column":63}}]},"5":{"loc":{"start":{"line":14,"column":4},"end":{"line":14,"column":116}},"type":"if","locations":[{"start":{"line":14,"column":4},"end":{"line":14,"column":116}},{"start":{},"end":{}}]},"6":{"loc":{"start":{"line":14,"column":8},"end":{"line":14,"column":57}},"type":"binary-expr","locations":[{"start":{"line":14,"column":8},"end":{"line":14,"column":21}},{"start":{"line":14,"column":25},"end":{"line":14,"column":57}}]},"7":{"loc":{"start":{"line":15,"column":4},"end":{"line":15,"column":111}},"type":"if","locations":[{"start":{"line":15,"column":4},"end":{"line":15,"column":111}},{"start":{},"end":{}}]},"8":{"loc":{"start":{"line":15,"column":8},"end":{"line":15,"column":61}},"type":"binary-expr","locations":[{"start":{"line":15,"column":8},"end":{"line":15,"column":34}},{"start":{"line":15,"column":38},"end":{"line":15,"column":61}}]},"9":{"loc":{"start":{"line":16,"column":4},"end":{"line":16,"column":134}},"type":"if","locations":[{"start":{"line":16,"column":4},"end":{"line":16,"column":134}},{"start":{},"end":{}}]},"10":{"loc":{"start":{"line":16,"column":8},"end":{"line":16,"column":69}},"type":"binary-expr","locations":[{"start":{"line":16,"column":8},"end":{"line":16,"column":27}},{"start":{"line":16,"column":31},"end":{"line":16,"column":69}}]},"11":{"loc":{"start":{"line":17,"column":4},"end":{"line":17,"column":128}},"type":"if","locations":[{"start":{"line":17,"column":4},"end":{"line":17,"column":128}},{"start":{},"end":{}}]},"12":{"loc":{"start":{"line":17,"column":8},"end":{"line":17,"column":65}},"type":"binary-expr","locations":[{"start":{"line":17,"column":8},"end":{"line":17,"column":25}},{"start":{"line":17,"column":29},"end":{"line":17,"column":65}}]},"13":{"loc":{"start":{"line":18,"column":4},"end":{"line":18,"column":113}},"type":"if","locations":[{"start":{"line":18,"column":4},"end":{"line":18,"column":113}},{"start":{},"end":{}}]},"14":{"loc":{"start":{"line":18,"column":8},"end":{"line":18,"column":55}},"type":"binary-expr","locations":[{"start":{"line":18,"column":8},"end":{"line":18,"column":20}},{"start":{"line":18,"column":24},"end":{"line":18,"column":55}}]},"15":{"loc":{"start":{"line":21,"column":4},"end":{"line":23,"column":5}},"type":"if","locations":[{"start":{"line":21,"column":4},"end":{"line":23,"column":5}},{"start":{},"end":{}}]},"16":{"loc":{"start":{"line":21,"column":8},"end":{"line":21,"column":62}},"type":"binary-expr","locations":[{"start":{"line":21,"column":8},"end":{"line":21,"column":20}},{"start":{"line":21,"column":24},"end":{"line":21,"column":62}}]},"17":{"loc":{"start":{"line":26,"column":4},"end":{"line":28,"column":5}},"type":"if","locations":[{"start":{"line":26,"column":4},"end":{"line":28,"column":5}},{"start":{},"end":{}}]},"18":{"loc":{"start":{"line":26,"column":8},"end":{"line":26,"column":97}},"type":"binary-expr","locations":[{"start":{"line":26,"column":8},"end":{"line":26,"column":23}},{"start":{"line":26,"column":27},"end":{"line":26,"column":60}},{"start":{"line":26,"column":64},"end":{"line":26,"column":97}}]},"19":{"loc":{"start":{"line":30,"column":4},"end":{"line":39,"column":5}},"type":"if","locations":[{"start":{"line":30,"column":4},"end":{"line":39,"column":5}},{"start":{},"end":{}}]},"20":{"loc":{"start":{"line":32,"column":6},"end":{"line":32,"column":122}},"type":"if","locations":[{"start":{"line":32,"column":6},"end":{"line":32,"column":122}},{"start":{},"end":{}}]},"21":{"loc":{"start":{"line":32,"column":10},"end":{"line":32,"column":51}},"type":"binary-expr","locations":[{"start":{"line":32,"column":10},"end":{"line":32,"column":19}},{"start":{"line":32,"column":23},"end":{"line":32,"column":51}}]},"22":{"loc":{"start":{"line":33,"column":6},"end":{"line":33,"column":137}},"type":"if","locations":[{"start":{"line":33,"column":6},"end":{"line":33,"column":137}},{"start":{},"end":{}}]},"23":{"loc":{"start":{"line":33,"column":10},"end":{"line":33,"column":61}},"type":"binary-expr","locations":[{"start":{"line":33,"column":10},"end":{"line":33,"column":24}},{"start":{"line":33,"column":28},"end":{"line":33,"column":61}}]},"24":{"loc":{"start":{"line":34,"column":6},"end":{"line":34,"column":141}},"type":"if","locations":[{"start":{"line":34,"column":6},"end":{"line":34,"column":141}},{"start":{},"end":{}}]},"25":{"loc":{"start":{"line":34,"column":10},"end":{"line":34,"column":63}},"type":"binary-expr","locations":[{"start":{"line":34,"column":10},"end":{"line":34,"column":25}},{"start":{"line":34,"column":29},"end":{"line":34,"column":63}}]},"26":{"loc":{"start":{"line":35,"column":6},"end":{"line":37,"column":13}},"type":"if","locations":[{"start":{"line":35,"column":6},"end":{"line":37,"column":13}},{"start":{},"end":{}}]},"27":{"loc":{"start":{"line":35,"column":10},"end":{"line":35,"column":86}},"type":"binary-expr","locations":[{"start":{"line":35,"column":10},"end":{"line":35,"column":43}},{"start":{"line":35,"column":47},"end":{"line":35,"column":86}}]},"28":{"loc":{"start":{"line":41,"column":13},"end":{"line":43,"column":30}},"type":"cond-expr","locations":[{"start":{"line":42,"column":6},"end":{"line":42,"column":21}},{"start":{"line":43,"column":6},"end":{"line":43,"column":30}}]}},"s":{"0":1,"1":7,"2":7,"3":1,"4":7,"5":0,"6":7,"7":0,"8":7,"9":1,"10":7,"11":0,"12":7,"13":0,"14":7,"15":0,"16":7,"17":0,"18":7,"19":7,"20":1,"21":7,"22":7,"23":1,"24":7,"25":7,"26":12,"27":1,"28":12,"29":0,"30":12,"31":0,"32":12,"33":1,"34":7},"f":{"0":7,"1":12},"b":{"0":[1,6],"1":[7,6],"2":[0,7],"3":[0,7],"4":[7,7],"5":[1,6],"6":[7,7],"7":[0,7],"8":[7,7],"9":[0,7],"10":[7,7],"11":[0,7],"12":[7,7],"13":[0,7],"14":[7,7],"15":[1,6],"16":[7,7],"17":[1,6],"18":[7,7,6],"19":[7,0],"20":[1,11],"21":[12,11],"22":[0,12],"23":[12,12],"24":[0,12],"25":[12,12],"26":[1,11],"27":[12,6],"28":[1,6]}}
}
