{"C:\\Users\\kamal\\Downloads\\Signet AWS-Nodejs\\Lambda-Producer\\src\\logger.ts": {"path":"C:\\Users\\kamal\\Downloads\\Signet AWS-Nodejs\\Lambda-Producer\\src\\logger.ts","statementMap":{"0":{"start":{"line":9,"column":0},"end":{"line":9,"column":16}},"1":{"start":{"line":10,"column":16},"end":{"line":13,"column":null}},"2":{"start":{"line":15,"column":20},"end":{"line":15,"column":42}},"3":{"start":{"line":17,"column":4},"end":{"line":26,"column":5}},"4":{"start":{"line":19,"column":12},"end":{"line":19,"column":34}},"5":{"start":{"line":20,"column":12},"end":{"line":20,"column":18}},"6":{"start":{"line":22,"column":12},"end":{"line":22,"column":33}},"7":{"start":{"line":23,"column":12},"end":{"line":23,"column":18}},"8":{"start":{"line":25,"column":12},"end":{"line":25,"column":32}}},"fnMap":{"0":{"name":"logger","decl":{"start":{"line":9,"column":16},"end":{"line":9,"column":22}},"loc":{"start":{"line":9,"column":58},"end":{"line":27,"column":1}}}},"branchMap":{"0":{"loc":{"start":{"line":9,"column":38},"end":{"line":9,"column":48}},"type":"default-arg","locations":[{"start":{"line":9,"column":46},"end":{"line":9,"column":48}}]},"1":{"loc":{"start":{"line":17,"column":4},"end":{"line":26,"column":5}},"type":"switch","locations":[{"start":{"line":18,"column":8},"end":{"line":20,"column":18}},{"start":{"line":21,"column":8},"end":{"line":23,"column":18}},{"start":{"line":24,"column":8},"end":{"line":25,"column":32}}]}},"s":{"0":2,"1":4,"2":4,"3":4,"4":1,"5":1,"6":0,"7":0,"8":3},"f":{"0":4},"b":{"0":[0],"1":[1,0,3]}}
,"C:\\Users\\kamal\\Downloads\\Signet AWS-Nodejs\\Lambda-Producer\\src\\publish.ts": {"path":"C:\\Users\\kamal\\Downloads\\Signet AWS-Nodejs\\Lambda-Producer\\src\\publish.ts","statementMap":{"0":{"start":{"line":5,"column":0},"end":{"line":5,"column":22}},"1":{"start":{"line":2,"column":0},"end":{"line":2,"column":26}},"2":{"start":{"line":3,"column":0},"end":{"line":3,"column":34}},"3":{"start":{"line":6,"column":24},"end":{"line":6,"column":47}},"4":{"start":{"line":7,"column":4},"end":{"line":9,"column":5}},"5":{"start":{"line":8,"column":8},"end":{"line":8,"column":79}},"6":{"start":{"line":10,"column":4},"end":{"line":32,"column":5}},"7":{"start":{"line":11,"column":25},"end":{"line":13,"column":10}},"8":{"start":{"line":14,"column":8},"end":{"line":20,"column":11}},"9":{"start":{"line":23,"column":8},"end":{"line":30,"column":12}},"10":{"start":{"line":31,"column":8},"end":{"line":31,"column":20}}},"fnMap":{"0":{"name":"publishToWebHook","decl":{"start":{"line":5,"column":22},"end":{"line":5,"column":38}},"loc":{"start":{"line":5,"column":62},"end":{"line":33,"column":2}}}},"branchMap":{"0":{"loc":{"start":{"line":7,"column":4},"end":{"line":9,"column":5}},"type":"if","locations":[{"start":{"line":7,"column":4},"end":{"line":9,"column":5}},{"start":{},"end":{}}]}},"s":{"0":1,"1":1,"2":1,"3":3,"4":3,"5":1,"6":2,"7":2,"8":1,"9":1,"10":1},"f":{"0":3},"b":{"0":[1,2]}}
,"C:\\Users\\kamal\\Downloads\\Signet AWS-Nodejs\\Lambda-Producer\\src\\transform.ts": {"path":"C:\\Users\\kamal\\Downloads\\Signet AWS-Nodejs\\Lambda-Producer\\src\\transform.ts","statementMap":{"0":{"start":{"line":5,"column":0},"end":{"line":5,"column":16}},"1":{"start":{"line":2,"column":0},"end":{"line":2,"column":42}},"2":{"start":{"line":3,"column":0},"end":{"line":3,"column":34}},"3":{"start":{"line":6,"column":4},"end":{"line":73,"column":5}},"4":{"start":{"line":7,"column":22},"end":{"line":7,"column":55}},"5":{"start":{"line":8,"column":43},"end":{"line":51,"column":6}},"6":{"start":{"line":34,"column":32},"end":{"line":34,"column":56}},"7":{"start":{"line":35,"column":36},"end":{"line":35,"column":76}},"8":{"start":{"line":36,"column":16},"end":{"line":44,"column":18}},"9":{"start":{"line":53,"column":4},"end":{"line":60,"column":7}},"10":{"start":{"line":61,"column":4},"end":{"line":61,"column":23}},"11":{"start":{"line":64,"column":8},"end":{"line":71,"column":11}},"12":{"start":{"line":72,"column":8},"end":{"line":72,"column":20}}},"fnMap":{"0":{"name":"Transform","decl":{"start":{"line":5,"column":16},"end":{"line":5,"column":25}},"loc":{"start":{"line":5,"column":50},"end":{"line":74,"column":1}}},"1":{"name":"(anonymous_1)","decl":{"start":{"line":33,"column":33},"end":{"line":33,"column":34}},"loc":{"start":{"line":33,"column":41},"end":{"line":45,"column":13}}}},"branchMap":{"0":{"loc":{"start":{"line":25,"column":28},"end":{"line":25,"column":64}},"type":"binary-expr","locations":[{"start":{"line":25,"column":28},"end":{"line":25,"column":58}},{"start":{"line":25,"column":62},"end":{"line":25,"column":64}}]},"1":{"loc":{"start":{"line":25,"column":28},"end":{"line":25,"column":58}},"type":"cond-expr","locations":[{"start":{"line":25,"column":50},"end":{"line":25,"column":52}},{"start":{"line":25,"column":50},"end":{"line":25,"column":58}}]},"2":{"loc":{"start":{"line":25,"column":28},"end":{"line":25,"column":52}},"type":"binary-expr","locations":[{"start":{"line":25,"column":28},"end":{"line":25,"column":52}},{"start":{"line":25,"column":50},"end":{"line":25,"column":52}}]},"3":{"loc":{"start":{"line":26,"column":27},"end":{"line":26,"column":61}},"type":"binary-expr","locations":[{"start":{"line":26,"column":27},"end":{"line":26,"column":55}},{"start":{"line":26,"column":59},"end":{"line":26,"column":61}}]},"4":{"loc":{"start":{"line":26,"column":27},"end":{"line":26,"column":55}},"type":"cond-expr","locations":[{"start":{"line":26,"column":49},"end":{"line":26,"column":51}},{"start":{"line":26,"column":49},"end":{"line":26,"column":55}}]},"5":{"loc":{"start":{"line":26,"column":27},"end":{"line":26,"column":51}},"type":"binary-expr","locations":[{"start":{"line":26,"column":27},"end":{"line":26,"column":51}},{"start":{"line":26,"column":49},"end":{"line":26,"column":51}}]},"6":{"loc":{"start":{"line":27,"column":28},"end":{"line":27,"column":63}},"type":"binary-expr","locations":[{"start":{"line":27,"column":28},"end":{"line":27,"column":57}},{"start":{"line":27,"column":61},"end":{"line":27,"column":63}}]},"7":{"loc":{"start":{"line":27,"column":28},"end":{"line":27,"column":57}},"type":"cond-expr","locations":[{"start":{"line":27,"column":50},"end":{"line":27,"column":52}},{"start":{"line":27,"column":50},"end":{"line":27,"column":57}}]},"8":{"loc":{"start":{"line":27,"column":28},"end":{"line":27,"column":52}},"type":"binary-expr","locations":[{"start":{"line":27,"column":28},"end":{"line":27,"column":52}},{"start":{"line":27,"column":50},"end":{"line":27,"column":52}}]},"9":{"loc":{"start":{"line":28,"column":33},"end":{"line":28,"column":70}},"type":"binary-expr","locations":[{"start":{"line":28,"column":33},"end":{"line":28,"column":64}},{"start":{"line":28,"column":68},"end":{"line":28,"column":70}}]},"10":{"loc":{"start":{"line":28,"column":33},"end":{"line":28,"column":64}},"type":"cond-expr","locations":[{"start":{"line":28,"column":55},"end":{"line":28,"column":57}},{"start":{"line":28,"column":55},"end":{"line":28,"column":64}}]},"11":{"loc":{"start":{"line":28,"column":33},"end":{"line":28,"column":57}},"type":"binary-expr","locations":[{"start":{"line":28,"column":33},"end":{"line":28,"column":57}},{"start":{"line":28,"column":55},"end":{"line":28,"column":57}}]},"12":{"loc":{"start":{"line":29,"column":30},"end":{"line":29,"column":67}},"type":"binary-expr","locations":[{"start":{"line":29,"column":30},"end":{"line":29,"column":61}},{"start":{"line":29,"column":65},"end":{"line":29,"column":67}}]},"13":{"loc":{"start":{"line":29,"column":30},"end":{"line":29,"column":61}},"type":"cond-expr","locations":[{"start":{"line":29,"column":52},"end":{"line":29,"column":54}},{"start":{"line":29,"column":52},"end":{"line":29,"column":61}}]},"14":{"loc":{"start":{"line":29,"column":30},"end":{"line":29,"column":54}},"type":"binary-expr","locations":[{"start":{"line":29,"column":30},"end":{"line":29,"column":54}},{"start":{"line":29,"column":52},"end":{"line":29,"column":54}}]},"15":{"loc":{"start":{"line":34,"column":32},"end":{"line":34,"column":56}},"type":"cond-expr","locations":[{"start":{"line":34,"column":51},"end":{"line":34,"column":55}},{"start":{"line":34,"column":55},"end":{"line":34,"column":56}}]},"16":{"loc":{"start":{"line":34,"column":32},"end":{"line":34,"column":55}},"type":"binary-expr","locations":[{"start":{"line":34,"column":32},"end":{"line":34,"column":55}},{"start":{"line":34,"column":51},"end":{"line":34,"column":55}}]},"17":{"loc":{"start":{"line":48,"column":20},"end":{"line":48,"column":38}},"type":"binary-expr","locations":[{"start":{"line":48,"column":20},"end":{"line":48,"column":32}},{"start":{"line":48,"column":36},"end":{"line":48,"column":38}}]}},"s":{"0":1,"1":1,"2":1,"3":2,"4":2,"5":2,"6":4,"7":4,"8":4,"9":2,"10":2,"11":0,"12":0},"f":{"0":2,"1":4},"b":{"0":[2,2],"1":[2,0],"2":[2,2],"3":[2,2],"4":[2,0],"5":[2,2],"6":[2,2],"7":[2,0],"8":[2,2],"9":[2,2],"10":[2,0],"11":[2,2],"12":[2,2],"13":[2,0],"14":[2,2],"15":[1,3],"16":[4,4],"17":[2,1]}}
,"C:\\Users\\kamal\\Downloads\\Signet AWS-Nodejs\\Lambda-Producer\\src\\utils.ts": {"path":"C:\\Users\\kamal\\Downloads\\Signet AWS-Nodejs\\Lambda-Producer\\src\\utils.ts","statementMap":{"0":{"start":{"line":1,"column":0},"end":{"line":1,"column":16}},"1":{"start":{"line":2,"column":29},"end":{"line":2,"column":44}},"2":{"start":{"line":3,"column":4},"end":{"line":3,"column":69}}},"fnMap":{"0":{"name":"formatDatetoISO","decl":{"start":{"line":1,"column":16},"end":{"line":1,"column":31}},"loc":{"start":{"line":1,"column":45},"end":{"line":4,"column":1}}}},"branchMap":{},"s":{"0":1,"1":2,"2":2},"f":{"0":2},"b":{}}
,"C:\\Users\\kamal\\Downloads\\Signet AWS-Nodejs\\Lambda-Producer\\src\\validate.ts": {"path":"C:\\Users\\kamal\\Downloads\\Signet AWS-Nodejs\\Lambda-Producer\\src\\validate.ts","statementMap":{"0":{"start":{"line":6,"column":0},"end":{"line":6,"column":16}},"1":{"start":{"line":7,"column":30},"end":{"line":7,"column":32}},"2":{"start":{"line":9,"column":4},"end":{"line":9,"column":117}},"3":{"start":{"line":9,"column":58},"end":{"line":9,"column":117}},"4":{"start":{"line":10,"column":4},"end":{"line":10,"column":103}},"5":{"start":{"line":10,"column":44},"end":{"line":10,"column":103}},"6":{"start":{"line":11,"column":4},"end":{"line":11,"column":125}},"7":{"start":{"line":11,"column":65},"end":{"line":11,"column":125}},"8":{"start":{"line":12,"column":4},"end":{"line":12,"column":116}},"9":{"start":{"line":12,"column":59},"end":{"line":12,"column":116}},"10":{"start":{"line":13,"column":4},"end":{"line":13,"column":111}},"11":{"start":{"line":13,"column":63},"end":{"line":13,"column":111}},"12":{"start":{"line":14,"column":4},"end":{"line":14,"column":134}},"13":{"start":{"line":14,"column":71},"end":{"line":14,"column":134}},"14":{"start":{"line":15,"column":4},"end":{"line":15,"column":128}},"15":{"start":{"line":15,"column":67},"end":{"line":15,"column":128}},"16":{"start":{"line":16,"column":4},"end":{"line":16,"column":113}},"17":{"start":{"line":16,"column":57},"end":{"line":16,"column":113}},"18":{"start":{"line":18,"column":28},"end":{"line":18,"column":86}},"19":{"start":{"line":19,"column":4},"end":{"line":21,"column":5}},"20":{"start":{"line":20,"column":8},"end":{"line":20,"column":93}},"21":{"start":{"line":23,"column":24},"end":{"line":23,"column":77}},"22":{"start":{"line":24,"column":4},"end":{"line":26,"column":5}},"23":{"start":{"line":25,"column":8},"end":{"line":25,"column":65}},"24":{"start":{"line":28,"column":4},"end":{"line":37,"column":5}},"25":{"start":{"line":29,"column":4},"end":{"line":36,"column":11}},"26":{"start":{"line":30,"column":6},"end":{"line":30,"column":122}},"27":{"start":{"line":30,"column":53},"end":{"line":30,"column":122}},"28":{"start":{"line":31,"column":6},"end":{"line":31,"column":137}},"29":{"start":{"line":31,"column":63},"end":{"line":31,"column":137}},"30":{"start":{"line":32,"column":6},"end":{"line":32,"column":141}},"31":{"start":{"line":32,"column":65},"end":{"line":32,"column":141}},"32":{"start":{"line":33,"column":6},"end":{"line":35,"column":13}},"33":{"start":{"line":34,"column":8},"end":{"line":34,"column":84}},"34":{"start":{"line":39,"column":4},"end":{"line":47,"column":5}},"35":{"start":{"line":40,"column":24},"end":{"line":40,"column":44}},"36":{"start":{"line":42,"column":8},"end":{"line":42,"column":121}},"37":{"start":{"line":42,"column":65},"end":{"line":42,"column":121}},"38":{"start":{"line":43,"column":8},"end":{"line":43,"column":115}},"39":{"start":{"line":43,"column":61},"end":{"line":43,"column":115}},"40":{"start":{"line":44,"column":8},"end":{"line":44,"column":118}},"41":{"start":{"line":44,"column":63},"end":{"line":44,"column":118}},"42":{"start":{"line":45,"column":8},"end":{"line":45,"column":124}},"43":{"start":{"line":45,"column":67},"end":{"line":45,"column":124}},"44":{"start":{"line":46,"column":8},"end":{"line":46,"column":124}},"45":{"start":{"line":46,"column":67},"end":{"line":46,"column":124}},"46":{"start":{"line":49,"column":6},"end":{"line":51,"column":31}}},"fnMap":{"0":{"name":"ValidateInput","decl":{"start":{"line":6,"column":16},"end":{"line":6,"column":29}},"loc":{"start":{"line":6,"column":41},"end":{"line":53,"column":1}}},"1":{"name":"(anonymous_1)","decl":{"start":{"line":29,"column":23},"end":{"line":29,"column":24}},"loc":{"start":{"line":29,"column":52},"end":{"line":36,"column":9}}}},"branchMap":{"0":{"loc":{"start":{"line":9,"column":4},"end":{"line":9,"column":117}},"type":"if","locations":[{"start":{"line":9,"column":4},"end":{"line":9,"column":117}},{"start":{},"end":{}}]},"1":{"loc":{"start":{"line":9,"column":8},"end":{"line":9,"column":57}},"type":"binary-expr","locations":[{"start":{"line":9,"column":8},"end":{"line":9,"column":21}},{"start":{"line":9,"column":25},"end":{"line":9,"column":57}}]},"2":{"loc":{"start":{"line":10,"column":4},"end":{"line":10,"column":103}},"type":"if","locations":[{"start":{"line":10,"column":4},"end":{"line":10,"column":103}},{"start":{},"end":{}}]},"3":{"loc":{"start":{"line":11,"column":4},"end":{"line":11,"column":125}},"type":"if","locations":[{"start":{"line":11,"column":4},"end":{"line":11,"column":125}},{"start":{},"end":{}}]},"4":{"loc":{"start":{"line":11,"column":8},"end":{"line":11,"column":63}},"type":"binary-expr","locations":[{"start":{"line":11,"column":8},"end":{"line":11,"column":24}},{"start":{"line":11,"column":28},"end":{"line":11,"column":63}}]},"5":{"loc":{"start":{"line":12,"column":4},"end":{"line":12,"column":116}},"type":"if","locations":[{"start":{"line":12,"column":4},"end":{"line":12,"column":116}},{"start":{},"end":{}}]},"6":{"loc":{"start":{"line":12,"column":8},"end":{"line":12,"column":57}},"type":"binary-expr","locations":[{"start":{"line":12,"column":8},"end":{"line":12,"column":21}},{"start":{"line":12,"column":25},"end":{"line":12,"column":57}}]},"7":{"loc":{"start":{"line":13,"column":4},"end":{"line":13,"column":111}},"type":"if","locations":[{"start":{"line":13,"column":4},"end":{"line":13,"column":111}},{"start":{},"end":{}}]},"8":{"loc":{"start":{"line":13,"column":8},"end":{"line":13,"column":61}},"type":"binary-expr","locations":[{"start":{"line":13,"column":8},"end":{"line":13,"column":34}},{"start":{"line":13,"column":38},"end":{"line":13,"column":61}}]},"9":{"loc":{"start":{"line":14,"column":4},"end":{"line":14,"column":134}},"type":"if","locations":[{"start":{"line":14,"column":4},"end":{"line":14,"column":134}},{"start":{},"end":{}}]},"10":{"loc":{"start":{"line":14,"column":8},"end":{"line":14,"column":69}},"type":"binary-expr","locations":[{"start":{"line":14,"column":8},"end":{"line":14,"column":27}},{"start":{"line":14,"column":31},"end":{"line":14,"column":69}}]},"11":{"loc":{"start":{"line":15,"column":4},"end":{"line":15,"column":128}},"type":"if","locations":[{"start":{"line":15,"column":4},"end":{"line":15,"column":128}},{"start":{},"end":{}}]},"12":{"loc":{"start":{"line":15,"column":8},"end":{"line":15,"column":65}},"type":"binary-expr","locations":[{"start":{"line":15,"column":8},"end":{"line":15,"column":25}},{"start":{"line":15,"column":29},"end":{"line":15,"column":65}}]},"13":{"loc":{"start":{"line":16,"column":4},"end":{"line":16,"column":113}},"type":"if","locations":[{"start":{"line":16,"column":4},"end":{"line":16,"column":113}},{"start":{},"end":{}}]},"14":{"loc":{"start":{"line":16,"column":8},"end":{"line":16,"column":55}},"type":"binary-expr","locations":[{"start":{"line":16,"column":8},"end":{"line":16,"column":20}},{"start":{"line":16,"column":24},"end":{"line":16,"column":55}}]},"15":{"loc":{"start":{"line":19,"column":4},"end":{"line":21,"column":5}},"type":"if","locations":[{"start":{"line":19,"column":4},"end":{"line":21,"column":5}},{"start":{},"end":{}}]},"16":{"loc":{"start":{"line":19,"column":8},"end":{"line":19,"column":62}},"type":"binary-expr","locations":[{"start":{"line":19,"column":8},"end":{"line":19,"column":20}},{"start":{"line":19,"column":24},"end":{"line":19,"column":62}}]},"17":{"loc":{"start":{"line":24,"column":4},"end":{"line":26,"column":5}},"type":"if","locations":[{"start":{"line":24,"column":4},"end":{"line":26,"column":5}},{"start":{},"end":{}}]},"18":{"loc":{"start":{"line":24,"column":8},"end":{"line":24,"column":97}},"type":"binary-expr","locations":[{"start":{"line":24,"column":8},"end":{"line":24,"column":23}},{"start":{"line":24,"column":27},"end":{"line":24,"column":60}},{"start":{"line":24,"column":64},"end":{"line":24,"column":97}}]},"19":{"loc":{"start":{"line":28,"column":4},"end":{"line":37,"column":5}},"type":"if","locations":[{"start":{"line":28,"column":4},"end":{"line":37,"column":5}},{"start":{},"end":{}}]},"20":{"loc":{"start":{"line":30,"column":6},"end":{"line":30,"column":122}},"type":"if","locations":[{"start":{"line":30,"column":6},"end":{"line":30,"column":122}},{"start":{},"end":{}}]},"21":{"loc":{"start":{"line":30,"column":10},"end":{"line":30,"column":51}},"type":"binary-expr","locations":[{"start":{"line":30,"column":10},"end":{"line":30,"column":19}},{"start":{"line":30,"column":23},"end":{"line":30,"column":51}}]},"22":{"loc":{"start":{"line":31,"column":6},"end":{"line":31,"column":137}},"type":"if","locations":[{"start":{"line":31,"column":6},"end":{"line":31,"column":137}},{"start":{},"end":{}}]},"23":{"loc":{"start":{"line":31,"column":10},"end":{"line":31,"column":61}},"type":"binary-expr","locations":[{"start":{"line":31,"column":10},"end":{"line":31,"column":24}},{"start":{"line":31,"column":28},"end":{"line":31,"column":61}}]},"24":{"loc":{"start":{"line":32,"column":6},"end":{"line":32,"column":141}},"type":"if","locations":[{"start":{"line":32,"column":6},"end":{"line":32,"column":141}},{"start":{},"end":{}}]},"25":{"loc":{"start":{"line":32,"column":10},"end":{"line":32,"column":63}},"type":"binary-expr","locations":[{"start":{"line":32,"column":10},"end":{"line":32,"column":25}},{"start":{"line":32,"column":29},"end":{"line":32,"column":63}}]},"26":{"loc":{"start":{"line":33,"column":6},"end":{"line":35,"column":13}},"type":"if","locations":[{"start":{"line":33,"column":6},"end":{"line":35,"column":13}},{"start":{},"end":{}}]},"27":{"loc":{"start":{"line":33,"column":10},"end":{"line":33,"column":86}},"type":"binary-expr","locations":[{"start":{"line":33,"column":10},"end":{"line":33,"column":43}},{"start":{"line":33,"column":47},"end":{"line":33,"column":86}}]},"28":{"loc":{"start":{"line":39,"column":4},"end":{"line":47,"column":5}},"type":"if","locations":[{"start":{"line":39,"column":4},"end":{"line":47,"column":5}},{"start":{},"end":{}}]},"29":{"loc":{"start":{"line":42,"column":8},"end":{"line":42,"column":121}},"type":"if","locations":[{"start":{"line":42,"column":8},"end":{"line":42,"column":121}},{"start":{},"end":{}}]},"30":{"loc":{"start":{"line":42,"column":12},"end":{"line":42,"column":64}},"type":"binary-expr","locations":[{"start":{"line":42,"column":12},"end":{"line":42,"column":26}},{"start":{"line":42,"column":30},"end":{"line":42,"column":64}}]},"31":{"loc":{"start":{"line":43,"column":8},"end":{"line":43,"column":115}},"type":"if","locations":[{"start":{"line":43,"column":8},"end":{"line":43,"column":115}},{"start":{},"end":{}}]},"32":{"loc":{"start":{"line":43,"column":12},"end":{"line":43,"column":60}},"type":"binary-expr","locations":[{"start":{"line":43,"column":12},"end":{"line":43,"column":24}},{"start":{"line":43,"column":28},"end":{"line":43,"column":60}}]},"33":{"loc":{"start":{"line":44,"column":8},"end":{"line":44,"column":118}},"type":"if","locations":[{"start":{"line":44,"column":8},"end":{"line":44,"column":118}},{"start":{},"end":{}}]},"34":{"loc":{"start":{"line":44,"column":12},"end":{"line":44,"column":62}},"type":"binary-expr","locations":[{"start":{"line":44,"column":12},"end":{"line":44,"column":25}},{"start":{"line":44,"column":29},"end":{"line":44,"column":62}}]},"35":{"loc":{"start":{"line":45,"column":8},"end":{"line":45,"column":124}},"type":"if","locations":[{"start":{"line":45,"column":8},"end":{"line":45,"column":124}},{"start":{},"end":{}}]},"36":{"loc":{"start":{"line":45,"column":12},"end":{"line":45,"column":66}},"type":"binary-expr","locations":[{"start":{"line":45,"column":12},"end":{"line":45,"column":27}},{"start":{"line":45,"column":31},"end":{"line":45,"column":66}}]},"37":{"loc":{"start":{"line":46,"column":8},"end":{"line":46,"column":124}},"type":"if","locations":[{"start":{"line":46,"column":8},"end":{"line":46,"column":124}},{"start":{},"end":{}}]},"38":{"loc":{"start":{"line":46,"column":12},"end":{"line":46,"column":66}},"type":"binary-expr","locations":[{"start":{"line":46,"column":12},"end":{"line":46,"column":27}},{"start":{"line":46,"column":31},"end":{"line":46,"column":66}}]},"39":{"loc":{"start":{"line":49,"column":13},"end":{"line":51,"column":30}},"type":"cond-expr","locations":[{"start":{"line":50,"column":6},"end":{"line":50,"column":21}},{"start":{"line":51,"column":6},"end":{"line":51,"column":30}}]}},"s":{"0":1,"1":9,"2":9,"3":1,"4":9,"5":0,"6":9,"7":0,"8":9,"9":1,"10":9,"11":1,"12":9,"13":0,"14":9,"15":0,"16":9,"17":1,"18":9,"19":9,"20":2,"21":9,"22":9,"23":1,"24":9,"25":9,"26":14,"27":1,"28":14,"29":0,"30":14,"31":0,"32":14,"33":1,"34":9,"35":9,"36":9,"37":0,"38":9,"39":0,"40":9,"41":0,"42":9,"43":0,"44":9,"45":0,"46":9},"f":{"0":9,"1":14},"b":{"0":[1,8],"1":[9,8],"2":[0,9],"3":[0,9],"4":[9,9],"5":[1,8],"6":[9,9],"7":[1,8],"8":[9,9],"9":[0,9],"10":[9,9],"11":[0,9],"12":[9,9],"13":[1,8],"14":[9,8],"15":[2,7],"16":[9,8],"17":[1,8],"18":[9,9,8],"19":[9,0],"20":[1,13],"21":[14,13],"22":[0,14],"23":[14,14],"24":[0,14],"25":[14,14],"26":[1,13],"27":[14,7],"28":[9,0],"29":[0,9],"30":[9,9],"31":[0,9],"32":[9,9],"33":[0,9],"34":[9,9],"35":[0,9],"36":[9,9],"37":[0,9],"38":[9,9],"39":[1,8]}}
}
