TN:
SF:src\logger.ts
FN:9,logger
FNF:1
FNH:1
FNDA:4,logger
DA:9,2
DA:10,4
DA:15,4
DA:17,4
DA:19,1
DA:20,1
DA:22,0
DA:23,0
DA:25,3
LF:9
LH:7
BRDA:9,0,0,0
BRDA:17,1,0,1
BRDA:17,1,1,0
BRDA:17,1,2,3
BRF:4
BRH:2
end_of_record
TN:
SF:src\publish.ts
FN:5,publishToWebHook
FNF:1
FNH:1
FNDA:3,publishToWebHook
DA:2,1
DA:3,1
DA:5,1
DA:6,3
DA:7,3
DA:8,1
DA:10,2
DA:11,2
DA:14,1
DA:23,1
DA:31,1
LF:11
LH:11
BRDA:7,0,0,1
BRDA:7,0,1,2
BRF:2
BRH:2
end_of_record
TN:
SF:src\transform.ts
FN:5,Transform
FN:33,(anonymous_1)
FNF:2
FNH:2
FNDA:2,Transform
FNDA:4,(anonymous_1)
DA:2,1
DA:3,1
DA:5,1
DA:6,2
DA:7,2
DA:8,2
DA:34,4
DA:35,4
DA:36,4
DA:53,2
DA:61,2
DA:64,0
DA:72,0
LF:13
LH:11
BRDA:25,0,0,2
BRDA:25,0,1,2
BRDA:25,1,0,2
BRDA:25,1,1,0
BRDA:25,2,0,2
BRDA:25,2,1,2
BRDA:26,3,0,2
BRDA:26,3,1,2
BRDA:26,4,0,2
BRDA:26,4,1,0
BRDA:26,5,0,2
BRDA:26,5,1,2
BRDA:27,6,0,2
BRDA:27,6,1,2
BRDA:27,7,0,2
BRDA:27,7,1,0
BRDA:27,8,0,2
BRDA:27,8,1,2
BRDA:28,9,0,2
BRDA:28,9,1,2
BRDA:28,10,0,2
BRDA:28,10,1,0
BRDA:28,11,0,2
BRDA:28,11,1,2
BRDA:29,12,0,2
BRDA:29,12,1,2
BRDA:29,13,0,2
BRDA:29,13,1,0
BRDA:29,14,0,2
BRDA:29,14,1,2
BRDA:34,15,0,1
BRDA:34,15,1,3
BRDA:34,16,0,4
BRDA:34,16,1,4
BRDA:48,17,0,2
BRDA:48,17,1,1
BRF:36
BRH:31
end_of_record
TN:
SF:src\utils.ts
FN:1,formatDatetoISO
FNF:1
FNH:1
FNDA:2,formatDatetoISO
DA:1,1
DA:2,2
DA:3,2
LF:3
LH:3
BRF:0
BRH:0
end_of_record
TN:
SF:src\validate.ts
FN:8,ValidateInput
FN:31,(anonymous_1)
FNF:2
FNH:2
FNDA:9,ValidateInput
FNDA:14,(anonymous_1)
DA:8,1
DA:9,9
DA:11,9
DA:12,9
DA:13,9
DA:14,9
DA:15,9
DA:16,9
DA:17,9
DA:18,9
DA:20,9
DA:21,9
DA:22,2
DA:25,9
DA:26,9
DA:27,1
DA:30,9
DA:31,9
DA:32,14
DA:33,14
DA:34,14
DA:35,14
DA:36,1
DA:41,9
LF:24
LH:24
BRDA:11,0,0,1
BRDA:11,0,1,8
BRDA:11,1,0,9
BRDA:11,1,1,8
BRDA:12,2,0,0
BRDA:12,2,1,9
BRDA:13,3,0,0
BRDA:13,3,1,9
BRDA:13,4,0,9
BRDA:13,4,1,9
BRDA:14,5,0,1
BRDA:14,5,1,8
BRDA:14,6,0,9
BRDA:14,6,1,9
BRDA:15,7,0,1
BRDA:15,7,1,8
BRDA:15,8,0,9
BRDA:15,8,1,9
BRDA:16,9,0,0
BRDA:16,9,1,9
BRDA:16,10,0,9
BRDA:16,10,1,9
BRDA:17,11,0,0
BRDA:17,11,1,9
BRDA:17,12,0,9
BRDA:17,12,1,9
BRDA:18,13,0,1
BRDA:18,13,1,8
BRDA:18,14,0,9
BRDA:18,14,1,8
BRDA:21,15,0,2
BRDA:21,15,1,7
BRDA:21,16,0,9
BRDA:21,16,1,8
BRDA:26,17,0,1
BRDA:26,17,1,8
BRDA:26,18,0,9
BRDA:26,18,1,9
BRDA:26,18,2,8
BRDA:30,19,0,9
BRDA:30,19,1,0
BRDA:32,20,0,1
BRDA:32,20,1,13
BRDA:32,21,0,14
BRDA:32,21,1,13
BRDA:33,22,0,0
BRDA:33,22,1,14
BRDA:33,23,0,14
BRDA:33,23,1,14
BRDA:34,24,0,0
BRDA:34,24,1,14
BRDA:34,25,0,14
BRDA:34,25,1,14
BRDA:35,26,0,1
BRDA:35,26,1,13
BRDA:35,27,0,14
BRDA:35,27,1,7
BRDA:41,28,0,1
BRDA:41,28,1,8
BRF:59
BRH:52
end_of_record
