TN:
SF:src\logger.ts
FN:9,logger
FNF:1
FNH:1
FNDA:2,logger
DA:9,1
DA:10,2
DA:15,2
DA:17,2
DA:19,0
DA:20,0
DA:22,0
DA:23,0
DA:25,2
LF:9
LH:5
BRDA:9,0,0,0
BRDA:17,1,0,0
BRDA:17,1,1,0
BRDA:17,1,2,2
BRF:4
BRH:1
end_of_record
TN:
SF:src\transform.ts
FN:5,Transform
FN:33,(anonymous_1)
FNF:2
FNH:2
FNDA:2,Transform
FNDA:4,(anonymous_1)
DA:2,1
DA:3,1
DA:5,1
DA:6,2
DA:7,2
DA:8,2
DA:34,4
DA:35,4
DA:36,4
DA:53,2
DA:61,2
DA:64,0
DA:72,0
LF:13
LH:11
BRDA:25,0,0,2
BRDA:25,0,1,2
BRDA:25,1,0,2
BRDA:25,1,1,0
BRDA:25,2,0,2
BRDA:25,2,1,2
BRDA:26,3,0,2
BRDA:26,3,1,2
BRDA:26,4,0,2
BRDA:26,4,1,0
BRDA:26,5,0,2
BRDA:26,5,1,2
BRDA:27,6,0,2
BRDA:27,6,1,2
BRDA:27,7,0,2
BRDA:27,7,1,0
BRDA:27,8,0,2
BRDA:27,8,1,2
BRDA:28,9,0,2
BRDA:28,9,1,2
BRDA:28,10,0,2
BRDA:28,10,1,0
BRDA:28,11,0,2
BRDA:28,11,1,2
BRDA:29,12,0,2
BRDA:29,12,1,2
BRDA:29,13,0,2
BRDA:29,13,1,0
BRDA:29,14,0,2
BRDA:29,14,1,2
BRDA:34,15,0,1
BRDA:34,15,1,3
BRDA:34,16,0,4
BRDA:34,16,1,4
BRDA:48,17,0,2
BRDA:48,17,1,1
BRF:36
BRH:31
end_of_record
TN:
SF:src\utils.ts
FN:1,formatDatetoISO
FNF:1
FNH:1
FNDA:2,formatDatetoISO
DA:1,1
DA:2,2
DA:3,2
LF:3
LH:3
BRF:0
BRH:0
end_of_record
TN:
SF:src\validate.ts
FN:8,ValidateInput
FN:31,(anonymous_1)
FNF:2
FNH:2
FNDA:7,ValidateInput
FNDA:12,(anonymous_1)
DA:8,1
DA:9,7
DA:11,7
DA:12,7
DA:13,7
DA:14,7
DA:15,7
DA:16,7
DA:17,7
DA:18,7
DA:20,7
DA:21,7
DA:22,1
DA:25,7
DA:26,7
DA:27,1
DA:30,7
DA:31,7
DA:32,12
DA:33,12
DA:34,12
DA:35,12
DA:36,1
DA:41,7
LF:24
LH:24
BRDA:11,0,0,1
BRDA:11,0,1,6
BRDA:11,1,0,7
BRDA:11,1,1,6
BRDA:12,2,0,0
BRDA:12,2,1,7
BRDA:13,3,0,0
BRDA:13,3,1,7
BRDA:13,4,0,7
BRDA:13,4,1,7
BRDA:14,5,0,1
BRDA:14,5,1,6
BRDA:14,6,0,7
BRDA:14,6,1,7
BRDA:15,7,0,0
BRDA:15,7,1,7
BRDA:15,8,0,7
BRDA:15,8,1,7
BRDA:16,9,0,0
BRDA:16,9,1,7
BRDA:16,10,0,7
BRDA:16,10,1,7
BRDA:17,11,0,0
BRDA:17,11,1,7
BRDA:17,12,0,7
BRDA:17,12,1,7
BRDA:18,13,0,0
BRDA:18,13,1,7
BRDA:18,14,0,7
BRDA:18,14,1,7
BRDA:21,15,0,1
BRDA:21,15,1,6
BRDA:21,16,0,7
BRDA:21,16,1,7
BRDA:26,17,0,1
BRDA:26,17,1,6
BRDA:26,18,0,7
BRDA:26,18,1,7
BRDA:26,18,2,6
BRDA:30,19,0,7
BRDA:30,19,1,0
BRDA:32,20,0,1
BRDA:32,20,1,11
BRDA:32,21,0,12
BRDA:32,21,1,11
BRDA:33,22,0,0
BRDA:33,22,1,12
BRDA:33,23,0,12
BRDA:33,23,1,12
BRDA:34,24,0,0
BRDA:34,24,1,12
BRDA:34,25,0,12
BRDA:34,25,1,12
BRDA:35,26,0,1
BRDA:35,26,1,11
BRDA:35,27,0,12
BRDA:35,27,1,6
BRDA:41,28,0,1
BRDA:41,28,1,6
BRF:59
BRH:50
end_of_record
